<?xml version="1.0" encoding="UTF-8"?>
<testng-results skipped="0" failed="0" ignored="0" total="1" passed="1">
  <reporter-output>
  </reporter-output>
  <suite name="Default suite" duration-ms="10316" started-at="2020-07-04T13:40:15 IST" finished-at="2020-07-04T13:40:25 IST">
    <groups>
    </groups>
    <test name="Default test" duration-ms="10316" started-at="2020-07-04T13:40:15 IST" finished-at="2020-07-04T13:40:25 IST">
      <class name="Test.Test1">
        <test-method status="PASS" signature="testCarSerialization()[pri:0, instance:Test.Test1@4d95d2a2]" name="testCarSerialization" duration-ms="10148" started-at="2020-07-04T13:40:15 IST" finished-at="2020-07-04T13:40:25 IST">
          <reporter-output>
          </reporter-output>
        </test-method> <!-- testCarSerialization -->
      </class> <!-- Test.Test1 -->
    </test> <!-- Default test -->
  </suite> <!-- Default suite -->
</testng-results>
